<?xml version="1.0" encoding="UTF-8"?>
<!-- Generated by org.testng.reporters.JUnitXMLReporter -->
<testsuite ignored="2" hostname="LAPTOP-TI1DALK4" failures="0" tests="1" name="Default test" time="8.846" errors="0" timestamp="2024-08-29T23:01:13 IST">
  <testcase classname="com.w2a.testcases.Search" name="verifySearchWithValidProduct" time="0.869"/>
  <testcase classname="com.w2a.testcases.Search" name="verifySearchWithoutanyProduct" time="0.0">
    <ignored/>
  </testcase> <!-- verifySearchWithoutanyProduct -->
  <testcase classname="com.w2a.testcases.Search" name="verifySearchWithInValidProduct" time="0.0">
    <ignored/>
  </testcase> <!-- verifySearchWithInValidProduct -->
</testsuite> <!-- Default test -->
